<?xml version="1.0" encoding="UTF-8"?>
<testng-results ignored="0" total="1" passed="1" failed="0" skipped="0">
  <reporter-output>
  </reporter-output>
  <suite started-at="2024-06-18T16:49:16 IST" name="Default suite" finished-at="2024-06-18T16:49:34 IST" duration-ms="17250">
    <groups>
    </groups>
    <test started-at="2024-06-18T16:49:16 IST" name="Default test" finished-at="2024-06-18T16:49:34 IST" duration-ms="17250">
      <class name="com.testcase.Loginpage">
        <test-method is-config="true" signature="setup()[pri:0, instance:com.testcase.Loginpage@7f8a9499]" started-at="2024-06-18T16:49:16 IST" name="setup" finished-at="2024-06-18T16:49:18 IST" duration-ms="1917" status="PASS">
          <reporter-output>
          </reporter-output>
        </test-method> <!-- setup -->
        <test-method signature="LoginTest()[pri:0, instance:com.testcase.Loginpage@7f8a9499]" started-at="2024-06-18T16:49:18 IST" name="LoginTest" finished-at="2024-06-18T16:49:34 IST" duration-ms="15292" status="PASS">
          <reporter-output>
          </reporter-output>
        </test-method> <!-- LoginTest -->
      </class> <!-- com.testcase.Loginpage -->
    </test> <!-- Default test -->
  </suite> <!-- Default suite -->
</testng-results>
